<?xml version="1.0" encoding="UTF-8"?>
<Site BuildName="(empty)"
	BuildStamp="20231020-1148-Experimental"
	Name="(empty)"
	Generator="ctest-3.27.6"
	CompilerName=""
	CompilerVersion=""
	OSName="macOS"
	Hostname="MacBook-Air-Ivan-2.local"
	OSRelease="12.2"
	OSVersion="21D49"
	OSPlatform="arm64"
	Is64Bits="1"
	VendorString="IBM"
	VendorID="IBM"
	FamilyID="16777228"
	ModelID="2"
	ProcessorCacheSize="131072"
	NumberOfLogicalCPU="8"
	NumberOfPhysicalCPU="8"
	TotalVirtualMemory="2048"
	TotalPhysicalMemory="8192"
	LogicalProcessorsPerPhysical="8"
	ProcessorClockFrequency="0"
	>
	<Testing>
		<StartDateTime>Oct 20 16:35 MSK</StartDateTime>
		<StartTestTime>1697808918</StartTestTime>
		<TestList/>
		<EndDateTime>Oct 20 16:35 MSK</EndDateTime>
		<EndTestTime>1697808918</EndTestTime>
		<ElapsedMinutes>0</ElapsedMinutes>
	</Testing>
</Site>
